:10400000314000391542200175F335D0085A3F4040
:1040100020000F930724824520012F839F4FF493A4
:104020000011F9233F4098020F9306248245200196
:104030001F83CF432011FA232183B012C64B474F71
:104040003D401A003E40FF003F409611B01296924C
:10405000F2435913F2438113B240805A2001A24225
:10406000600182432E01A242800182431E01B240C0
:1040700020026001B24020018001F24084FF57001D
:10408000C2435800B2400040820139400C003A401F
:1040900000080B4336400004084A08DB0F48B01202
:1040A000AC480E430C4E6D430E3C1F4290013F52F4
:1040B000824F9201B2F0FEFF820192B38201FD278E
:1040C0000C4E1E4270017D537D93EF230E8C069E95
:1040D00001280B480A113953DF230F4B3FF0E00052
:1040E0003F90E00002203BF0E0FF0F4BB012AC48E5
:1040F0005F4257007FF007007FD080FFC24F57001C
:10410000E2425800F2F0FDFF000082437001B2402D
:104110000202600182439001B240020180011F420D
:1041200060013FF0CFFF3FD02000824F60011F426F
:1041300080013FF0CFFF3FD02000824F8001C2437B
:104140002600C2432E00C2431B00C2431F00C243CD
:104150003300C2433700C2432100F240E0FF220097
:10416000F24030002900F2407B002A00C2431900CF
:10417000F240F1FF1A00F240DDFF1D00F240FDFFAA
:104180001E00F2433100F2433200C2433500F243D5
:104190003600C2432500C2432D001E4270013F403D
:1041A00000281D4270010D8E0F9DFB2FE2D31A00D7
:1041B000F2D21A00F2D080FF1E00F2D010001E00D2
:1041C000F2D080FF1D00B012204703430343F2F0FA
:1041D000EFFF1D00B01228475F43B012CA484F439B
:1041E000B012CA485F43B012CA485F43B012CA480F
:1041F0005F43B012CA484F43B012CA484F43B0128F
:10420000CA485F43B012CA48B0122047B0121A47DA
:10421000B0121447F2D010003200F2D02000320069
:10422000F2D040003200F2D010003100F2D0200075
:104230003100F2D040003100B01230824B4F4F932A
:10424000FB23F2436A13F2436B13F243BE11B243F2
:104250006E11C24F7011B2437211C24F7411B2434A
:104260007611C24F7811B2437A11C24F7C11B0124D
:104270009846C24FF9121F4200111F53824F1C1261
:1042800082431E12B24024136411F2F0EFFF2200A9
:10429000B012AC47F2F0FDFF1E00B0123A46B24039
:1042A00000408801F2432C12C24BDA12C24BDB12DF
:1042B000C24BDC12C24BDD12B012AC47F2D0400050
:1042C0001E00F2D020001E00B012725C824F32122B
:1042D000B012F249824CEE12824DF012824EF2126E
:1042E000824FF412D2421211DA11C24BDB11F240AA
:1042F0001F00D812F2401A00F712B012F249824C95
:10430000EE12824DF012824EF212824FF4123E40B3
:10431000EE120D4E3D5007006F4EEE4D0000CD4F9A
:1043200000001E533D533E90F212F623D243B511C6
:10433000C2437613D243DD11C243E812B240881162
:104340005A13B2408A115C13B2408C115E13B24012
:104350008E116013B24090116213C2434C12C243DB
:104360004D12B0128C478243A8018243A401B012BF
:1043700086473FD00C00B0127A47B012A445B24035
:1043800000408201B01230824B4F4F93FB234F47C6
:10439000B012DA4B32D2B012C64BF2D23600B012A3
:1043A000DA4BB012C64BE2D31A00B012DA4BB0129D
:1043B000C64BF2D21A00B012DA4BB012C64BE2D2A0
:1043C0003600B012DA4BB012C65CC24B38113D4019
:1043D00064000E437F400700B01292555F43B01255
:1043E0009E674F9B1920B012C64B82933E11032447
:1043F000B012DA4B193C92433E11B012DA4BB012B4
:10440000C64BF2D020001D00B012DA4B3E40140023
:104410000F43B012CC50083C6F43B012AC4C4F93DA
:1044200003205F43B012AC4C3D400A000E437F4076
:104430000300B01292553D40E8030E437F4009004F
:10444000B01292556A42B012C64B494F7A3CC293A1
:1044500007116B241D4262013DF010000C201E422A
:1044600064013EF010000E9D06201F4266013FF0E1
:1044700010000F9E07241F4260013FF000033F9091
:10448000000231245E4204003EF0C00005245E427A
:1044900071003EF0200027205E4205003EF0300013
:1044A00005245E4279003EF020001D205E4270002F
:1044B0001EF316245E4271003EF0200011245E427D
:1044C00072003EF020000C245E4270002EF20824A0
:1044D0005E4270003EF0200006207E500500043C45
:1044E0007E400500013C6E43B2B01000A0011824CC
:1044F0001D42A2013DF0100005241E42A2013EF221
:1045000012240D3C1F42A2013FF000040F9D08241D
:104510001F4260013FF000033F90000201206E4304
:104520004A9E012C6E42C24E2E115E422E110E5E2C
:104530001E4E7C893ED2814E000022D132C20343FE
:104540000343B012EC474B4F7F9381274F49B01282
:10455000DA4B4F4BB0123A77763F32D0F000FD3F46
:104560003040F2935F930E244F9303246F931920EE
:10457000113C1E4262018E105EF34E9F12241F42B8
:10458000720130411F4264018F105FF30A241F4201
:10459000740130411F4266018F105FF302241F42F5
:1045A00076013041B2F0EFFF820130415E4F0100F1
:1045B0008E106F4F0FDE30410B120A120A4D0B4E58
:1045C000CF4D03000C4D0D4E8C108D104CED0CEDAD
:1045D0007DF3CF4C0200CF4E01008E10CF4E000075
:1045E0000E4A0F4B3A413B4130410B120A1209125D
:1045F000094F5C4F03000D436F490E4D3FF0FF0024
:104600008F100EDC0FDD5D4901000C430EDC0FDD69
:104610005A4902000B4C4BEA0BEA8B107AF38A10D2
:104620000EDA0FDB39413A413B4130415E421C001A
:104630006EF35F4301204F4E3041B2F0EFFF88012F
:104640003041B2F0FDFF84013041B2F0FEFF840141
:1046500030414F930324D24370003041F2F0FEFF0B
:1046600070003041E293361103205F42081130415F
:104670007F4330413E4060010F5F0F5F0F5F0F5F70
:104680003FF030002D4E3DF0CFFF0FDD8E4F00008C
:104690003041824F640130410B120A120912081294
:1046A000071206120512041218421C1219421E1299
:1046B00034404E830543B012FC920A4C0B4D0C4E15
:1046C0000D4F0E4A0F4B12C30F100E100E5C0F6DE4
:1046D0000F9305343EF33FF0FF7F1E530F63824E6E
:1046E0001C12824F1E120F4E344135413641374164
:1046F000384139413A413B413041C2930E110820C3
:104700005F43F2900300421104245F420E113041D6
:104710004F433041E2D319003041F2D21900304109
:10472000F2D010001D003041F2F0F7FF19003041C7
:10473000C24F77005F4202003FF04000FB27F2F0DB
:10474000BFFF02005F4276003041C2933811032060
:10475000D24338113041C24338113041F2F0EFFFFB
:1047600023003041F2F0FEFF23003041B2F0EFFFB2
:10477000840130411F42A0013041824FA0013041ED
:10478000824FA2013041B012744730411F42A20152
:10479000B2F0F9FFA201B2F0FCFFA001B2F0EFFF0E
:1047A000A0013FF0060082DFA2013041E2D21E00EC
:1047B00030411E4270013F9001800A283F50008026
:1047C0001D4270010D8E0F9DFB2F0E5F3F4000803C
:1047D0001D4270010D8E0F9DFB2F3041F2F0EFFF57
:1047E0002A003041F2D010002A0030415F425913B4
:1047F0007F930D244D4F0E4D3E5096116C4EC24C82
:1048000059137C930220C24C8113FD439611304111
:104810004F4FCF4E800030414F4F5F4F80003041AF
:10482000F2F0DFFF230030411F429001013C0F4EA8
:104830001E4290010F9EFB2330410B124B4FB012D2
:104840006C47E2D31F00B0124A46B01242464F4BAB
:104850004F5F4F5F4F5F4F5F4F5F4F5F4F114F1184
:104860004F114F114F114F114F4F8F100F5F0F5FAF
:104870000F5F0F5F0F5F0F5F3E4084013FD000016D
:104880008E4F0000BED0100000004F433B4130412E
:104890005F43B0123A483041CF432D000D433E40B4
:1048A00000803F502E00B012B84530410E4F8E10A0
:1048B0008E117EF007005D4257007DF0F8FF4EDD5F
:1048C000C24E5700C24F560030414F930324B012DE
:1048D0001447033CF2F0FDFF1900B0121A47B01262
:1048E000284730410B120B4F1F53B012AC450E4FEF
:1048F0008E103EF0FF0012C30E100E110D4E3DF053
:1049000003000D5D1F4DA4890E110E110E110E1125
:104910000E5E1E4EA4890E5F3E5006000F4B0F5ECA
:104920003B413041F24080FF8411C243D511C24364
:104930006613C2435813C243B61130417F922B2CE9
:104940004F4F0F5F104F48495849604968497049B7
:104950007849804988499049F2F0FEFF370030419C
:10496000F2F0FDFF37003041F2F0FBFF370030413D
:10497000F2F0F7FF37003041F2F0EFFF370030413F
:10498000F2F0DFFF37003041F2F0BFFF3700304177
:10499000F2F07F00370030410B125F4242123FF0CD
:1049A000400003240F43B01274464F43B01218481E
:1049B0007FF00F00B0123C495F4242123FF01000FE
:1049C0000D245B43083C4F4BB01218487FF00F009A
:1049D000B0123C495B535B92B811F52BB0128C4777
:1049E0008243A8018243A401F2F0DFFF42123B415F
:1049F00030410B120A120912081207123150F2FF4D
:104A0000C29344118320B012DC47F2F0EFFF29007B
:104A1000B012E4473F403002B012B247B012DC4758
:104A20003F403C00B012B2470B43F2B010002800E8
:104A300009243B5005003F400500B012B2473B90AF
:104A4000F000F3233F40A401B012B2473B90F000C6
:104A50005F2C7A427B4033001BB30B24B012E44737
:104A60003F400500B012B247B012DC473F40410062
:104A70000A3CB012E4473F403C00B012B247B012CB
:104A8000DC473F400500B012B2477A53032412C3FB
:104A90004B10E23F3B40E0120A4B7842494312C3BD
:104AA0004910B012E4473F400500B012B247B012BF
:104AB000DC473F400500B012B247574228003F4054
:104AC0004100B012B24777B01000022479D080FFC5
:104AD0007853E523CA4900001A533A90E812DD23BF
:104AE0004F486FEB7E420D4F1DF312C34F100D93D5
:104AF00002247FE08CFF7E53F6231B533B90E81289
:104B0000F0234F930720D2434411063C4F43043C0B
:104B10006F42023C7F400600C29344110A240E43B8
:104B20000D410D5EDD4EE11200001E533E90060069
:104B3000F7234F9308243D420E430F413F50060098
:104B4000B0129692163CC14F0600F14012000700C9
:104B5000F1406D000800F14045000900F1405000AF
:104B60000A00D14102000B00D14101000C00E141DB
:104B70000D001C4106001D4108001E410A001F4196
:104B80000C0031500E003741384139413A413B4128
:104B900030414F930220C24F3A1130415F43B0126F
:104BA0005246F2F0BFFF04003F401B00FFF0FDFF44
:104BB0000000FFF0FBFF0000FFF0F7FF00004F4395
:104BC000B012524630410E4232C2034303433EF21A
:104BD0005F430E9301204F4E30414F93012432D258
:104BE00030410B12B012C64B1E4226120E93032404
:104BF0001E5264136E4EC24E77005E4264136E53B3
:104C00001D4268134C4E0D9C1A2C4E4D183C5E42B2
:104C100002003EF04000FB275B4276001E42D412A9
:104C20000E9303240D5ECD4B00001D4226120D9302
:104C300003241D5264136D4DC24D7700013C4C4E50
:104C40001D4264130E4D1E53824E64130E9CDF2BC7
:104C5000B012DA4B3B4130410B12B012C64B5B43F2
:104C6000C293DA1201244B43B012DA4B4F4B3B4153
:104C700030410B120A124A4FB012C64B4B4FB012C2
:104C8000584C4F9305244F4BB012DA4B4F43063C20
:104C90004F4BB012DA4B4F4AB01230473A413B41CA
:104CA00030417F400900B012724C30410B120A12A1
:104CB0004A4FB012C64B5B43C29ADB1201244B43EE
:104CC000B012DA4B4F4B3A413B4130410B12B0121C
:104CD000C64B1B423212B012DA4B0F4B3B413041F4
:104CE000B012C64BF2F0FBFF1D00B012DA4B3041A0
:104CF0000B124B4FB012C64B4E4BFE939611112028
:104D0000C29B81130E24F29359130320C24B5913F3
:104D1000043C5E428113CE4B9611C24B81134B4330
:104D2000023C7B400500B012DA4B4F4B3B41304117
:104D3000C29340113920F2930B113620B012584C17
:104D40004F933224D243F812C29394110224C243E7
:104D5000F812C293F8122A24F2900300421129207B
:104D6000C2930E1128205F420C117F9316244E4FE0
:104D70005D4E2C12C24D0C117D930220C24D0D11BF
:104D8000FE432C12C24FF612F2430E11D2434211CF
:104D90007F400F00B012F04C043CD2430E11C243CE
:104DA0004211B0129C4B053C5F4330417F400500EF
:104DB00030414F4330414F433041D2930E111320C5
:104DC0005F4242115F9305207F500E00B012F04CFD
:104DD000083C6F930A20D242F6120E11F2400300F3
:104DE00042114F4330415F4330415F420E11304129
:104DF000C2933C120720C24FDF12824E74136F43DE
:104E0000B012F04C4F433041C2433412824F26124D
:104E1000824ED412824D6813824364130D930D2485
:104E2000B012C64BF2F0BFFF0200F2D0400000000B
:104E3000B012DA4BB012E24B043C7F400E00B012CD
:104E4000F04C4F4330410B120A1209120A4F494EDF
:104E5000B012C64B4B4FB012584C4F9305244F4BDA
:104E6000B012DA4B4B43103C4F4BB012DA4BB2400E
:104E70007F0036127F407F00B01230474B4F4D49C4
:104E80000E4A0F43B012084E4F4B39413A413B4155
:104E90003041B012E04C5E431F426411B012464EE6
:104EA00030410B124B4FB012C64BC24B3C11B012EB
:104EB000DA4B7F400A00B012F04C3B4130410B12FC
:104EC0004B4F92434611C2439411B012304D4F4B99
:104ED000B012A24E3B4130410B124B4FB012C64BA9
:104EE0004E4BCE43DA12B012DA4B3B413041B01296
:104EF000C64BE2D21D00B012DA4B30410B120A123F
:104F0000091208120712494FB012C64B474FC299F7
:104F10000B110424B012DA4B5F43383CF2430B11FF
:104F200059424011499303244C4348490A3C4F4994
:104F3000B012D84EB012304D4F47B012DA4B4F4935
:104F4000253C7A400500B01208934C4E0F4C0D489A
:104F50000F9303240D111F83FD231DF31424C24E50
:104F60000B111E430C9303240E5E1C83FD2349CEBC
:104F7000C24940117F400D00B012F04C4F47B012B3
:104F8000DA4B4F43033C4C4E5C53DB3F37413841D7
:104F900039413A413B4130416F42B012FC4E304101
:104FA0007F400300B012FC4E4F4330410B120A12F7
:104FB0000912B012C64B494F1B422412B0122848A6
:104FC0000A4F1F4280015FF304241B53B01228488C
:104FD0000A4F4F49B012DA4B0F4B0E430C4A0D4E9D
:104FE0000EDC0FDD39413A413B4130410B120A12D0
:104FF0000912B012AC4F094E0A4F1B42EA121C4272
:10500000EC120D4B0E4C1D52D6111E62D8110A9C8B
:105010000B280A9C0220099B07280E9C11280E9C35
:1050200009200D9B0D28063C0E9C04280C9E272869
:105030000D9B252C0A9E04280E9A2128099D1F2CC1
:105040000B4D0C4E0B890C7A0C9303203B90018086
:1050500018280E490F4A3E5000800F63824EEA1214
:10506000824FEC120E4B0F4C3E5000803F63824E3D
:10507000D611824FD8113B4000800C430A3C0B43B1
:105080000C43824DEA12824EEC128243D6118243C7
:10509000D811B01228480E4F0E890E9B042C0B8E8F
:1050A0003B900300062CB01228482F53824F9801E2
:1050B000033C0B5F824B9801B2F0FEFF8801B2D037
:1050C0001000880139413A413B4130410B120A122C
:1050D0000912081221830A4E0B4FB012AC4F084E32
:1050E000094FB012C64B8248EA128249EC12824A3A
:1050F000D611824BD811814F0000B012EC4F2F41D6
:10510000B012DA4B2153384139413A413B413041E9
:105110000B120A120912B012C64B494FB012984630
:105120000C4F3A404600B01224933E500B00824E82
:105130007E130F43B012CC504F49B012DA4B3941B5
:105140003A413B4130410B120A12B012C64B4A4F52
:10515000B29246111020B012A24CB012A04FB01261
:10516000EE4E924346117F400300B012A24E4F4ACA
:10517000B012DA4B2F3CB012E04CC29382130324DE
:105180007F400500013C6F42B012724C4B4F3BF226
:1051900006204F4BB012724C3FF20F9B04205B4332
:1051A0003F400300023C3F400500824F4611B012D1
:1051B000EE4E4F4AB012DA4B4B930724C2436A11AA
:1051C000B012A04FB0121051053C3E4040010F43B9
:1051D000B012CC503A413B4130410B120A12091235
:1051E000494F0A4EB012C64B4B4FB012584C4F931A
:1051F00005244F4BB012DA4B4F430D3C4F4BB012CE
:10520000DA4B4F49B01230470F4A8F10B012304777
:105210004F4AB012304739413A413B4130410B12BD
:105220000A12091208120712094F4B4E074D484C3B
:10523000B012C64B4A4FB012584C4F9305244F4AF8
:10524000B012DA4B4F43223C4F4AB012DA4B4B4B71
:105250000B594F4B7FD080FFB0123047494F0E4B58
:1052600012C30E104F4E7FF0C0FFB01230474B48B4
:105270004A48093C4E4B0F4A0F8E0E4F0E576F4E49
:10528000B01230477B534B93F5234F493741384198
:1052900039413A413B4130410B123150F4FFB012D9
:1052A000C64B4B4F3D423E40EE120F41B012929121
:1052B0001F42DA110E413E52CE4F00008F10CE4FEA
:1052C00001001F4232122E53CE4F00008F10CE4FDE
:1052D00001004F4BB012DA4B7C400C000D414E43A5
:1052E0003F406001B0121E5231500C003B41304132
:1052F0002183B012C64BF2F0DFFF2500814F000082
:10530000B01220482F41B012DA4B4F4321533041A5
:105310000B120A1209120812B012C64B484F1A4259
:1053200046121B424812B0122848094F1F42800102
:105330005FF305241A530B63B0122848094F4F48F6
:10534000B012DA4B0F4912C30F100F110F110F11CA
:105350000C4F12C30C100D430E4A0F4B4FEE0FEEC5
:105360008F107EF38E100E5E0F6F0E5E0F6F0E5E4F
:105370000F6F0EDC0FDD384139413A413B4130417E
:105380000B120A120912B0121053094E0A4F1B4297
:1053900066111C4268110D4B0E4C1D52BA111E6253
:1053A000BC110A9C0B280A9C0220099B07280E9C12
:1053B00011280E9C09200D9B0D28063C0E9C0428EC
:1053C0000C9E27280D9B252C0A9E04280E9A212826
:1053D000099D1F2C0B4D0C4E0B890C7A0C9303204E
:1053E0003B90010418280E490F4A3E5000040F63F9
:1053F000824E6611824F68110E4B0F4C3E5000FCDE
:105400003F63824EBA11824FBC113B4000040C43F3
:105410000A3C0B430C43824D6611824E6811824355
:10542000BA118243BC110B5B0B5B0B5B0B5B0B5B21
:10543000B0122848095909590959095909590E4FF3
:105440000E890E9B042C0B8E3B900300062CB01291
:1054500028482F53824F9601033C0B5F824B9601E5
:10546000B2F0FEFF8601B2D01000860139413A4108
:105470003B41304192427813661192427A1368118F
:105480009242C812BA119242CA12BC11B012805391
:105490009252C81278139262CA127A1330410B12D8
:1054A0000A120912B0121053094E0A4F1B422E1253
:1054B0001C4230120D4B0E4C1D5228121E622A1235
:1054C0000A9C0B280A9C0220099B07280E9C112885
:1054D0000E9C09200D9B0D28063C0E9C04280C9E5A
:1054E00027280D9B252C0A9E04280E9A2128099D09
:1054F0001F2C0B4D0C4E0B890C7A0C9303203B9008
:10550000010418280E490F4A3E5000040F63824ED2
:105510002E12824F30120E4B0F4C3E5000FC3F6358
:10552000824E2812824F2A123B4000040C430A3C50
:105530000B430C43824D2E12824E301282432812AE
:1055400082432A120B5B0B5B0B5B0B5B0B5BB0129A
:105550002848095909590959095909590E4F0E89FD
:105560000E9B042C0B8E3B900300062CB012284897
:105570002F53824F9201033C0B5F824B9201B2F09A
:10558000FEFF8201B2D01000820139413A413B4115
:1055900030410B120A120912494F0A4D0B4EB0123C
:1055A00010534D490C4D0C5C0C5C0C5D0C5C0D4CAF
:1055B0003D504E128D4E00008D4F02008D4A04006A
:1055C0008D4B06005F4C56127FF0FCFF6FD3CC4F23
:1055D00056125F43B012F04C39413A413B413041E1
:1055E0000B120A120912494F0A4D0B4EB0121053FA
:1055F0004D490C4D0C5C0C5C0C5D0C5C0D4C3D5035
:105600004E128D4E00008D4F02008D4A04008D4BCE
:105610000600FCD0030056125F43B012F04C394133
:105620003A413B4130410D4E0E4F6F42B012E055B2
:1056300030410D4E0E4F7F400B00B012E05530410F
:105640000B120A120912494FB012C64B4B4F5E4261
:105650000A110E5E0C4E3C5088112D4C0D930B2000
:105660008E4D5A137F400500B012F04C4F4BB012D4
:10567000DA4B5F43163C1A4D02008C4A00000A9335
:1056800002208E4C5A13A24DD612824D0213824D27
:10569000861149930224B01274544F4BB012DA4B66
:1056A0004F4339413A413B413041F29005000A11E4
:1056B00035248293D6120720B0121053824E7813ED
:1056C000824F7A13253C1C4286118C4F00002C53CC
:1056D000824C86111D4202131E42D6120F4E0F5FDE
:1056E0000F5D0C9F1920829322120A245F420A1137
:1056F0000F5F8F435A137F400600B012F04C0E3CF0
:10570000824E6C13824D22127F400700B012F04C83
:105710005F43B0124056023CB01274545F433041B4
:105720007F900A001F2C4F4F0F5F104F2E5742578C
:1057300046574A574E575C575C575C575C5754570F
:105740005C574F43083C5F43063C6F43043C7F403B
:105750000300013C6F42B012F04D30410F4EB012C9
:10576000AA5630415F4330410B120A120912081247
:10577000071206120512041221824B4F0A4E814D68
:105780000000054C164116000E93EA240D93E82400
:105790000C93E6241693E4242693E224B012C64B1D
:1057A000C14F02005E4242123EF020000524B012BA
:1057B000DA4B7F400500D63CB01264464F9BC920AF
:1057C00035901100032879400300013C5943584AA1
:1057D000010078F003005B4A010012C34B104B112B
:1057E0007BF007005E43069301204E4639F003002C
:1057F00038F003000858085809D83BF007000B5B45
:105800000B5B0B5B0B5B09DB095939D000023EF0E7
:1058100003008E100E5E0E5E39F0FFF309DE644A5F
:1058200074F07F00B0128647074F5B430693012454
:105830004B431BF30B5B0B5B0B5B0B5B0B5B0B5B68
:105840000B5B37F07FFF07DB5B4A010012C34B1095
:105850004B114B114B114B11584A020018F30858C9
:10586000085808584BD84B4B0F4B8F1037F0FFF0B0
:1058700007DF8B100B5B0B5B0B5B0B5B37F0FF0FDA
:10588000E242421282459211A2413A1282438211AF
:105890000F470FDBB0127A470F49B01280470B4316
:1058A0003553053C4E444F4BB01210481B530B95DB
:1058B000032C3B900F00F6234E447ED080FF4F4BCD
:1058C000B01210481E430B9303240E5E1B83FD236E
:1058D000824EA60106933E24F2D0400042125B4A5B
:1058E000020012C34B104B114B113BF003005A4AFC
:1058F000020012C34A103AF003000F43B01274467C
:10590000A2D26001B2F0FDFF60010D4A8D103DF0A2
:1059100000031F4260013FF0FFFC0DDF824D60017C
:105920000E4B0E5E0E5E0E5E0E5E0E5E0E5E1F4235
:1059300060013FF03FFF0EDF824E60018243620153
:1059400036538246720112C30610824674014643E2
:10595000013C76425F410200B012DA4B4F46023CF6
:105960007F400600215234413541364137413841AC
:1059700039413A413B4130410B120A124A4FB012B1
:10598000C64B4B4FB01264464E4F4F9A7F205D423C
:1059900042124F4D3FB2092482933A1206204F4BD8
:1059A000B012DA4B7F400600753C3FF02000062421
:1059B0004F4BB012DA4B7F4005006C3C7DD020008D
:1059C000C24D4212C24E8011B01218487FF00F0033
:1059D0007F923F2C4E4F0E5E104EDC59EC59F85919
:1059E000045A105A1C5A2A5A385A465AD2D33700E7
:1059F000F2F0FEFF36002D3CE2D33700F2F0FDFF5F
:105A00003600273CE2D23700F2F0FBFF3600213CA3
:105A1000F2D23700F2F0F7FF36001B3CF2D0100054
:105A20003700F2F0EFFF3600143CF2D020003700D0
:105A3000F2F0DFFF36000D3CF2D040003700F2F00C
:105A4000BFFF3600063CF2D080FF3700F2F07F0047
:105A50003600B2D01000A001B2D00300A0015F4216
:105A600042123FF040000D240F43B01292462F42E5
:105A7000B01292463F40E000B01292461F43B0126F
:105A800074464F4BB012DA4B4F43043C4F4BB012AD
:105A9000DA4B5F433A413B4130417F900500192C7E
:105AA0004F4F0F5F104FA85AB25AB65ABC5AC25A3B
:105AB000C85A6F420B3C7F400500083C7F400600FF
:105AC000053C7F400700023C7F400900B012785936
:105AD00030415F4330415F420A11B0129A5A30415F
:105AE0000B120A12091221824A4F4F43B01240563C
:105AF0004F936B207A900500052C4D4A0D5D1F4D8C
:105B0000CA89023C3F40A089A14F0000914F02008A
:105B100002005F4102007FF0E1FF6FD2C14F02003F
:105B20001F42C8121C42D6121D4286117A900500EF
:105B30002E2C4B4A0B5B104B3A5B445B4E5B5A5B23
:105B4000665B725B0F120E412E536F42173C0F12B1
:105B50000E412E537F400500113C0F120E412E5373
:105B60007F4006000B3C0F120E412E537F40070072
:105B7000053C0F120E412E537F400900B0126857AA
:105B800021534F9304204F4AB0129A5A1E3C194297
:105B9000D6121B42861129921428B012C64B4E4AC7
:105BA0000E5E3E505A132D4E0D9309248B49000072
:105BB0008B4302008D4B00002B538E4B0000B01224
:105BC000DA4B7F400600B012F04C215239413A4185
:105BD0003B4130410B120A124B4F829322120A248E
:105BE0005F420A110F5F8F435A137F400600B012C5
:105BF000F04C1E3C1A420213824A22121E428611A7
:105C00000F4E8F108F118F108F110C4A0D4A8D106F
:105C10008D118D108D110E8C0F7D0F110E10824E77
:105C20006C137F400700B012F04C4F4BB012E05A9B
:105C30000F433A413B4130416F827F900600172C61
:105C40004F4F0F5F104F485C545C585C5C5C605C6D
:105C50006E5C665C4F43083C5F43063C6F43043C0C
:105C60007F400300013C6F42B012D45B30410F43D0
:105C700030410B12B012C64B1B421011B012DA4B5E
:105C80000F4B3B413041B012C64BF2F0F7FF190009
:105C9000B012DA4B3041B012C64BF2F0FBFF3500C8
:105CA000B012DA4B3041B012C64BF2F0F7FF3500BC
:105CB000B012DA4B3041B012C64BF2F0FDFF1900C2
:105CC000B012DA4B3041B012865CB012965CB01262
:105CD000A65CB012B65C3041B012C65CC24338114B
:105CE0003041B012865CB012C64BE2D23500B01221
:105CF000DA4B3041B012A65CB012C64BE2D31900A9
:105D0000B012DA4B3041B012C64BF2D21900B012C9
:105D1000DA4BB012965C3041B012065DB012F45C02
:105D20003041B012C64BF2D23500B012DA4BB0128D
:105D3000B65C3041C29338110520B012E25CB0125B
:105D4000F45C3041B012065DB012225D3041B012F9
:105D5000E25CB012225D30410B120A124B4FB012BE
:105D6000C64B4A4FC29336110D20D2433611C24B57
:105D7000B7117F400300B012F04C4F4AB012DA4B1B
:105D80004F431E3C4E4B12C34E104E114E114E4E01
:105D90003E504C126F4E1D433BF007000B93032403
:105DA0000D5D1B83FD234B4D4BFF04204DDFCE4D7E
:105DB0000000023C7B4005004F4AB012DA4B4F4BCB
:105DC0003A413B4130417F900A00292C4F4F0F5FF1
:105DD000104FD45DE85DEC5DF05DF45DFA5DFE5D55
:105DE000045E0A5E105E145E4F43163C5F43143C33
:105DF0006F43123C7F4003000F3C6F420D3C7F40DD
:105E000005000A3C7F400600073C7F400700043C39
:105E10007F42023C7F400900B012585D30415F4331
:105E200030417F900500162C4F4F0F5F104F305EB2
:105E30003A5E3E5E425E465E4C5E4F43083C5F43C8
:105E4000063C6F43043C7F400300013C7F42B0129C
:105E5000C65D30415F4330410B120A12091208122D
:105E6000071206124B4F094E0E936024B012C64B18
:105E7000474F5842421238F020000524B012DA4B46
:105E80007F400500553CB01264464F9B49205D4958
:105E9000010012C34D104D115B4901003BF003009E
:105EA0000B5B0B5B3DF007000D5D0D5D0D5D0D5D4A
:105EB0000BDD0B5B3BD00002664976D080FFB01251
:105EC00086470A4F3AD080005D49010012C34D1049
:105ED0004D114D114D114D115C4902001CF30C5C2C
:105EE0000C5C0C5C4DDC4D4D0F4D8F103AF0FFF00B
:105EF0000ADF8D100D5D0D5D0D5D0D5D3AF0FF0F3C
:105F0000D24342120F4A0FDDB0127A470F4BB01244
:105F100080474E464F48B01210489243A601013CBC
:105F200078424F47B012DA4B4F48023C7F400600A0
:105F300036413741384139413A413B4130410B12FA
:105F40000A12091208120712474F4E4F0E5E0E5EDC
:105F50003E50C0112C4E1D4E02000A4C0B4D0AF350
:105F60003BF30A9302200B9340243A40E8030B438F
:105F7000B0124093824CC812824DCA12D2434A12C8
:105F8000C2470A11B0121053824E7813824F7A130F
:105F900077900500052C4F470F5F1E4FCA89023CC2
:105FA0003E40A08977900500182C474707571047B7
:105FB000B25FBC5FC05FC65FCC5FD25F6F420B3C1D
:105FC0007F400500083C7F400600053C7F400700FD
:105FD000023C7F400900B012585E4F43B012405659
:105FE0004F930E20B012D65A0B3CA24EC812924EBE
:105FF0000200CA12C2434A12C24F0A11B012E05A3A
:106000003741384139413A413B4130410B120A1284
:1060100009120812071206124B4FB012C64B464F18
:10602000E29336113E20C29B08113B20C2934C12D2
:106030000320C2934D124224F24308115A423411F4
:106040000E4A1E5318433E900A0001200E434C4E48
:106050004D4E12C34D104D114D114D4D3D504C1232
:10606000694D074C37F007000B48079303240B5B7F
:106070001783FD234F494FFB062449CBCD49000030
:10608000C24E3411053C0E9A02241E53DC3F7C4361
:10609000C24CB711D24336117F400300B012F04C0E
:1060A000123C4B434F46B012DA4B4F4B5FE3364145
:1060B0003741384139413A413B413041F2430811BF
:1060C000D2424C1236115B43ED3F7F900A00292CDF
:1060D0004F4F0F5F104FD860EC60F060F460F860D5
:1060E000FE60026108610E61146118614F43163C45
:1060F0005F43143C6F43123C7F4003000F3C6F42F0
:106100000D3C7F4005000A3C7F400600073C7F4075
:106110000700043C7F42023C7F400900B0120C6043
:1061200030415F4330410B124B4FC29F0911032096
:106130006F42B012F04C4F4BB012CA603B4130413D
:106140007F900500162C4F4F0F5F104F4E61586126
:106150005C61606164616A614F43083C5F43063C77
:106160006F43043C7F400300013C7F42B012266134
:1061700030415F4330417F9005001A2C4F4F0F5F35
:10618000104F84618E61926198619E61A8616F4237
:10619000083C7F400500053C7F400600023C7F40F4
:1061A0000700B012266130417F400900B01226611D
:1061B00030410B124B4FB012C64BC24BDB12B01228
:1061C000DA4B3B4130410B120A1209121B42DE111D
:1061D0005A4B2A004A9302207A501F00B012E04C1A
:1061E000C29AB41107244E4A3ED0E0807F40150089
:1061F000B012DA51C24AB411694BB012C64B4A4FC1
:10620000B012584C4F9304244F4AB012DA4B113C51
:106210004F4AB012DA4BB2403E0036127F403E0089
:10622000B01230474D497D534D4D0E430F4BB012C8
:10623000084E39413A413B4130410B120A120912D2
:10624000B012C64B494F1B42A2015BF30524B012AA
:10625000DA4B7F400500103CB01274470A4F3FF004
:10626000FDFFB0127A470F4A3FF0DDFFB0127A47C8
:106270004F49B012DA4B4F4B39413A413B41304123
:106280000B124B4FB012C64B4E4FC2935E111120F2
:10629000D2435E11C24BDC11B012DA4BC2936011D3
:1062A00005207F401800B012F04C083CD243621128
:1062B000053CC29BDC110420B012DA4B4F431B3C5F
:1062C0004F4BFF936A131120C29B19110E24F293B6
:1062D00018110320C24B1811043C5F421911CF4B17
:1062E0006A13C24B19114B43023C7B4005004F4ED1
:1062F000B012DA4B4F4B3B4130410B120A124A4F5E
:10630000B012C64B4B4FF29003005E112C20C29A84
:106310001A1129205D4218117D9316244C4D0E4C04
:106320003E506A136F4EC24F18117F930220C24F26
:106330001911FC436A13C24DDC11F2431A11D24306
:106340005E117F401700083CE2431A11C2435E1100
:10635000D24360117F401900B012F04C4F4BB01285
:10636000DA4B4F43043C4F4BB012DA4B5F433A4198
:106370003B4130410B120A1209120812484FB01269
:10638000C64B494F1B42A2015BF30524B012DA4B06
:106390007F4005001E3CB01274470A4F3AF0FDFFE3
:1063A0000F4AB0127A470D4A3DD020004E487E5326
:1063B0001EF30E5E0E5E0E5E0E5E0E5E0E5E3DF017
:1063C000BFFF0F4D0FDEB0127A474F49B012DA4BC4
:1063D0004F4B384139413A413B413041B012C64BF5
:1063E000F2F0BFFF1D00B012DA4B3041B012C64BC5
:1063F000F2D040001D00B012DA4B30410B12B01247
:10640000C64B5B42F712B012DA4B0E4B0E5E0E5BC0
:106410000E5B0E5B3E502E013ED000407F401800C8
:10642000B012DA513B4130410B12B012C64B4B4F08
:10643000C293B51104241E43C293761301200E4368
:106440003EF0FF008E100E5E0E5E0E5EC293DD11FA
:1064500004241D43C293E81201200D433ED0E222E2
:106460000D5D0D5D0D5D0D5D0EDD7F401100B01207
:10647000DA514F4BB012DA4B3B413041B012C64BB0
:10648000F2D040002100B012DA4B3041B012C64BBE
:10649000F2F0BFFF2100B012DA4B3041B012C64B10
:1064A000F2D020002200B012DA4B3041B012C64BBD
:1064B000F2F0DFFF2100B012DA4B3041B012C64BD0
:1064C000F2F0DFFF2200B012DA4B3041B012C64BBF
:1064D000F2D020002100B012DA4B30410B120A1228
:1064E0004A434B4AB0127C64F2B0200020000124E1
:1064F0005BD37A90070001244B5BB0128C645A5333
:106500007A92F023B0129C64B012AC64B0127C6436
:10651000B0128C64B012BC64B012CC644F4B3A41E0
:106520003B413041B0129C64B012CC64B0127C6428
:10653000B0128C6430410B120A124A4F7B424A93CC
:106540000334B012CC64023CB012AC64B0127C6470
:10655000B0128C647B5302244A5AF13F3A413B41CA
:1065600030410B12B012BC64B012CC64B0127C6427
:106570005B4220007BF020000420B0128C644F4B63
:10658000013C5F433B413041B012C64BF2D080FF2B
:106590002200B012DA4BB012C64BF2D080FF2100BD
:1065A000B012DA4B3D400B000E437F400A00B012A0
:1065B000E0554F4330410B12B012BC64B012CC64B2
:1065C000B012C64B4B4FB012F052F2D02000240054
:1065D000F2D0200025004F4BB012DA4B3B41304146
:1065E0000B120A12B012C64BF2D040002200B012B9
:1065F000DA4BB0128C64B012BC64B012CC64B0122E
:10660000F052B0129C64B012CC64B0128C647B4027
:106610000900B0127C64B0128C647B53FA23B01270
:106620009C64B012CC64B0128C64B0127C64B01262
:10663000AC64B0128C64B0127C64B012CC64B01242
:106640008C641F426C113FF01F00824F6C11B0121E
:106650003665B01262654F9B0424C24B58115F43EC
:10666000573C1F426C113F9006003F243F900700AB
:10667000072C3F9003000E243F9005004820143C57
:106680003F90070025243F901E0041203E400B0014
:106690000F43133CB012B6655A425A111AF30A203E
:1066A0003E404A010F43103CB012B6655A425A119F
:1066B0001AF307243E40FA000F43B01232564F4BF4
:1066C000273C3E40FA000F43B01232564F4A203C5E
:1066D000B012DC644B4FB012DC64B0122465C24BC4
:1066E0005A117F401500B012F04C5F42FB12B012FD
:1066F0003665B01262654F930324D2435C11033CAC
:10670000D242FB125A117F401500B012F04C4F4399
:106710003A413B4130410B120A124B4F4F933C2000
:10672000B012C64B4A4F5F43B0125246F2F0DAFF46
:1067300070005F43B0125246F2F03F000400F2F0E6
:10674000EFFF1B00F2F0DFFF1B005F4204117FD060
:106750000500C24F7000D242051171001F420211A4
:10676000C24F74008F10C24F7500C24B7300E2D34A
:106770001B00E2D21B00F2D21B00F2D0400004004A
:106780004F4BB0125246F2F03F000200F2F03F00D1
:1067900000004F4AB012DA4B3A413B4130410B12F4
:1067A0004B4FB012C64B4E4B3E50DA12CE93000008
:1067B0000420DE4300004B43013C5B43B012DA4B44
:1067C0004F4B3B4130410B120A1209124B4FB01292
:1067D000C64B494F4F43B0129E674A4F4F932B20F1
:1067E000C24B0B11B012FA464F9A05247F400D00A0
:1067F000B012F04C293CC29F42110720D2434211F3
:10680000C24FF612B012BA4D1F3CC29FF6121C24A2
:10681000F2932C121920C29F0D111624F2930C1121
:106820000320C24F0C11043C5D420D11CD4F2C12C0
:10683000C2430D11093C1E434D4B0D9303240E5EC4
:106840001D83FD23C2DE40114F49B012DA4B4F4386
:1068500039413A413B4130410B120A1209120812E8
:10686000484FB012C64B494F4F43B0129E674A4F34
:106870004F9306244F49B012DA4B7F400500253C68
:10688000B012FA464B4F4F9A0424C2480B114B4AA0
:10689000183CC29F42111120E2434211C24FF6122E
:1068A000B012BA4DC29B0E1106204F4BB0121667A4
:1068B000C2480B11063CC24B42114F43B012D84E96
:1068C0005B434F49B012DA4B4F4B384139413A41A3
:1068D0003B413041A243B011D243D511E2920B119A
:1068E00005246F42B01258684F930320B012924EA5
:1068F00030416F42B012C66730410B12B012C64B26
:106900004B4F8293B0111924C243D5115E42B61188
:106910004E930324F2B2200006205F4220005FF372
:1069200008204E9F03247E53C24EB611B012D46885
:10693000063C9243B011C243B611B012984F4F4B70
:10694000B012DA4B3B413041B0122449B012EE4E46
:10695000B012E04C7F42B012724C7F42B012724CC7
:10696000B012EE4EB012984FB012FA6830410B12CE
:106970000A12091208121A42D4125C4234124C93C1
:1069800002243040306C1E423612094E39F040006D
:1069900002203040CC6B7EF0BFFF7E903F0002248F
:1069A0003040306C1B4264116D4BC24DB2111F421E
:1069B000B0113F9005003E243F90060080242F93A5
:1069C00002243040BE6BB2400500B0115F4284111A
:1069D0004C4D4E4F0C9E2A345E4220007EF20A201F
:1069E0005C4220005CF34C9E05204E4D7EE34E5FE2
:1069F000C24E84117D902A00192C4D9310240E4B09
:106A00001E537D9203283D400700043CB24006001F
:106A1000B0114D4D0F43B012084E3040306CC24D96
:106A2000D511B012EE4EB012984FC63CB012486964
:106A30003040306CB2400600B011C293DD113724F3
:106A4000C293E8123420094B19530F49B012AC45D8
:106A50003FF020002C240A4B3A5006000F4AB01297
:106A6000AC45084FB012CC4C089F05240F4AB01219
:106A7000AC453F931C200F49B012AC453FF00700D6
:106A80001F931520B012EE4EB012E04C7F400A006A
:106A9000B012724CB012EE4EB012E04C5E42B21127
:106AA0007E50F9FF0F4B3F52B012464EC13C5D4243
:106AB000B2117D50F9FF4D4D0E4B3E52AB3FB0121F
:106AC000EE4EC293B6110220B012984FC293B61187
:106AD0000324F2B220000B20D2B3200008245F422E
:106AE00058134F930424F2900B00B211052C1F424F
:106AF0006411B0129848253C5F930E205F426613E4
:106B00000F5F0F5F1D4F04131E4F06131F426411CA
:106B10003F502E00B012B8455F4266131F537FF0FE
:106B20000700C24F66135F4258137F53C24F58137A
:106B300008241F426411B0129848C2436613C2432E
:106B400058135F42B2110F5BCF93000035340A93A4
:106B500033240F4B1F53B012AC457FF007001B428C
:106B600064116F9322201F42DE110F932524B290EF
:106B7000070046112120DF9B030003001D20B012F7
:106B80003A461F42DE113F5028006E4BDF4304009F
:106B90000E5BDF4EFFFF00006E4E7EF07F00CF4E9B
:106BA00001004F43B012BE4E073C5F9305207F505B
:106BB0000F00B012F04C3C3CB012FA68393CC24CA9
:106BC000D511B012EE4EB012984F323C7E903E007E
:106BD0002F20B012EE4EB29246110F20B012E04CB0
:106BE000B012A24CB012EE4EB012A04F924346111A
:106BF0007F400300B012A24E1B3CC29382130520BB
:106C0000A2424611B0124651133CB012A04FB240FE
:106C100003004611B01298460C4F3A403601B012AC
:106C200024933E500B00824E7E110F49B012CC507F
:106C3000384139413A413B4130410B127F4003001A
:106C4000B01258684B4F4F9304247F400300B0129A
:106C5000C6674F4B3B4130410B120A120912081212
:106C60000B4FB012C64B4A4F0F4BB012E448FF40D7
:106C70003F0000004F4AB012DA4B824370136F435B
:106C8000B0129E674A4F4F936A205F42F9124E4FEF
:106C90005E53C24EF912CB4F0300B012C64B484FA1
:106CA0006F43B012AC4C4F9A08204F48B012DA4BE9
:106CB0006F43B012D84E5A43543C094B3950280008
:106CC0006F42B012B261824B40124F48B012DA4BA1
:106CD000084B18530F48B012AC450E4F3EF020CC75
:106CE000CB4E01008E10CB4E02000F48B012AC45C7
:106CF0003FD04100CB4F01008F10CB4F0200C94A5B
:106D00000400C94A0000C94A01000D433E4000800A
:106D10000F4B3F502E00B012B845D243DE121B423B
:106D20004012B012C64B1E4246113E9202241E93E0
:106D30000324B012DA4B153CA2434611C24E821313
:106D4000824BDE11C24A6A11B012DA4BB0123A6CB1
:106D50004B4F4F930620B012C6614A4B023C7A401B
:106D600005004F4A384139413A413B4130410B120D
:106D70000A1209120B4D4A4C7C901D00512CCD4F2C
:106D80000B000F4D3F500600CF4E00008E10CF4E2F
:106D90000100B012C64B1942DA11B012DA4B0F4B98
:106DA0002F52CF4900008910CF490100B012725C08
:106DB0000E4B3E52CE4F00008F10CE4F01000F4BB6
:106DC0001F53B012AC453FD04088CB4F01008F100D
:106DD000CB4F02004F4A7F500D00CB4F0000C293B3
:106DE00013110824C24313110F4BB012586C4F9368
:106DF00010201A3CC24A3E12D24213113F12824B5B
:106E00004C117F401100B012F04CC29313110A24B0
:106E1000033CF2431311083CC24320124F43043C8D
:106E20006F43023C7F40090039413A413B413041C8
:106E30000B120A124A4F4E4F0E5E3E5044128E43C2
:106E40000000C24316111B4244122B9E04245F42D1
:106E50006E131FF30224D2431611C293161114208D
:106E60000F4B3F500600B012AC456C4B7C50F3FF0B
:106E70000D4B0E4F5F4B0B00B0126E6D4F93042401
:106E80007F401300B012F04C4F4AB012924B3A417F
:106E90003B413041C29316110720829F44120420C7
:106EA0005F421611B012306E30410B124B4F3F4013
:106EB0008A13F2438A13FF430100F24093FF8F13BA
:106EC000829344121E20B240841344124E4B7E50D3
:106ED0000D00C24E8413C29316111624B012AC4595
:106EE000C24316114C4B3D4084130E4F7F4093FF1D
:106EF000B0126E6D4F930A24D2431611824344128E
:106F0000053C7F400500023C5F4216113B41304189
:106F10000B120A120912081207123150FAFF4F4FD2
:106F20000A4F3A504E116C4A7C900A000D2C494C85
:106F30000D4F0D5D0D5D0D5F0D5D0D590D5D8D4EA0
:106F4000E0115C53CA4C00007F4009005F924E1173
:106F50005F2C3E404F116F9E5B2C5F9E01005028BE
:106F6000573C07496D490E480E5E0E5E0E580E5E88
:106F70000E5E3E50E0110C434A4C023C3C5E5A53BC
:106F80004A9DFC234A4AB01224938F4C0000C94307
:106F90000000185319532F5338900300E223E2974F
:106FA0003A112620E243CC122F41C24FCE128F104D
:106FB000C24FCD121F410200C24FD0128F10C24FDC
:106FC000CF121F410400C24FD2128F10C24FD112F4
:106FD0003D4007003E40CC123F409013B0129291CA
:106FE0007F400700B012AA6E4F930220D2433A119D
:106FF0003D40E8030E437F400900B0129255083C23
:10700000F2F0FDFFB01239404E110F410843A93F85
:10701000315006003741384139413A413B41304116
:107020004F930420824E5211B012106F30410B1258
:107030000A124B4E0A4D4F930620B012FA620E4AC6
:107040004F4BB01220703A413B4130414F930520E5
:10705000824E54115F43B012106F30410B120A126E
:107060004B4E0A4D5F930620B012FA620E4A4F4B08
:10707000B0124C703A413B413041C2933A110B205F
:10708000D243C612D24390135F43B012AA6E4F93FD
:107090000220D2433A1130410B120A124A4F4B4D93
:1070A0004F9368203E9000084928E2932011622007
:1070B0004F4D3F502A11DF9300005C24E2920611ED
:1070C0005920DF430000C29338111C204D930B2040
:1070D000F24003002011B0124E5DC24B0611C29B5C
:1070E00028110D20233C5D934520F2400300201120
:1070F000B012185DC24B0611C29328111A20C24B60
:107100002811193C6D930620F24003002011B012A3
:10711000185D073C7D9003002D20C24D2011B01258
:107120004E5DC24B0611C29328110320D243281191
:10713000023CC24A2811B0127A701C3C4F4DCF4A13
:107140002A11F2900300201115205D9206111220E1
:10715000E2420611C29322110924C24A2211B0123E
:10716000C65CB012D85CC24A2011043CB012345D37
:10717000E24320114B4BCB4330113A413B4130416C
:107180004C4F4F4E0E4D7C9005001B2C4D4C0D5D11
:10719000104D94719E71A271A671AA71B4714D4384
:1071A000063C5D43043C6D43023C7D400300B0124D
:1071B000987030414F930520824E56116F43B012A4
:1071C000106F30410B120A124A4F7F900500052CB8
:1071D0004F4F0F5F1E4FAC89023C3E4098896F4E67
:1071E0007FF00F007F900C003F247A9005003F2C29
:1071F0004F4A0F5F104FF871027206720A720E72D8
:1072000014724F43083C5F43063C6F43043C7F408D
:107210000300013C7F42B012585E4B4F4F931B203E
:10722000C24F3C127A900500242C4A4A0A5A104A4E
:1072300032723C724072447248724E724F43083C44
:107240005F43063C6F43043C7F400300013C7F42A8
:10725000B01278590E3C4F4AB01240610D434E4B6C
:107260004F4AB0128071053C7B400600F43F5B43FF
:10727000F23F3A413B4130417F900A00292C4F4F69
:107280000F5F104F86729A729E72A272A672AC72D3
:10729000B072B472B872C272CA724F43133C5F4389
:1072A000113C6F430F3C7F4003000C3C4F43063CB6
:1072B0005F43043C6F43023C7F400300B0123E5FDB
:1072C00030416F42B012C47130416F42B0123E5F24
:1072D00030415F4209117F930224B012787230412D
:1072E0005F4209117F930224B012787230411F93DC
:1072F00003243F9003000320B012D2723041B01239
:10730000E07230410B121E42FC120E9327240C4EE9
:107310003C531D430D9C0A28824FFC123D40140033
:107320000E437F400500B012E055163C0C4E3C5019
:10733000FDFF0D9C0F28B0123A624B4F4F93132064
:107340001F42FC12F2F0FDFF7E128243FC12B012CB
:10735000EE72093C0E9F05204B43053C7B40090023
:10736000023C7B4005004F4B3B4130410B120A125F
:107370000A4F1F42FC120D4F3D531E430E9D0C2819
:107380000A9F5B244F4AB01274634B4F4F935A20AD
:107390009293FC1244203D3C0F931E204F4AB012A2
:1073A00074634B4F4F934E201A930A20E2B392120C
:1073B0004F434F634F9B04243E4046000F43033C22
:1073C0003E4011000F43B0122656F2F0FDFF92121C
:1073D0002A53824AFC12363C0D4F3D50FBFF0E9D56
:1073E00027284F4AB01274634B4F4F932B20F2F073
:1073F000FDFF88121F42FC120E4F2E820A9E0620AD
:10740000824AFC120F4AB012EE721C3C3F900500FB
:107410000620A242FC123E4011000F43063CB2403F
:107420000300FC123E4046000F43B01226560A3CB1
:107430002A530F9A05204B43053C7B400900023C30
:107440007B4005004F4B3A413B4130410B120A1241
:1074500009120812071206120512064E074F354090
:107460004E120C430F4C0F5F0F5F0F5C0F5F3F50CE
:107470004E125F4F08006FB302203040A6762845B9
:10748000194502001D4504001E4506000A460B472B
:107490000A880B790B9E022C3040A6760B9E0420A6
:1074A0000A9D022C3040A6764A4F5AF30F4C0F5FCC
:1074B0004A9307240F5F0F5C0F5FFFF0FDFF56122A
:1074C0000B3C0F5F0F5C0F5F0A480B490A5D0B6EA8
:1074D0008F4A4E128F4B50127C900C000228304085
:1074E000B6764C4C0C5C104CEA7402751875187525
:1074F000307570759475B676E275B676EE7502766F
:107500006476C293221103240A3CB0124A47B01297
:10751000345DE2432011CF3CC2932211F627C243CF
:107520002211B012C65CB012D85CC2432011C33C19
:10753000C29330110520D24330114F43B012225E66
:10754000C29331110520D24331115F43B012225E44
:10755000C29332110520D24332116F43B012225E22
:10756000C2933311A820D24333117F400300463C1D
:107570001F42FC123F90030003242F929C20053CE5
:107580009243FC12B012D272963CA243FC12B0128B
:10759000E072913C1A42FC123A90050004243A90A1
:1075A000060089200B3CB0123A624F9303208243BD
:1075B000FC12813C3D4014000E43093CB0123A627B
:1075C0004F9309208243FC123D4000080E434F4A6E
:1075D000B012E055703C3D4014000E437F40050062
:1075E000F73FB012C64BF2E040002900383C4F4351
:1075F000B01280625F43B01280626F42B012225EAE
:107600005A3CB012C64B5E425E114E930824E29380
:107610001A1107207E531A436E930428023C1A4322
:10762000013C0A43B012DA4B4A934524B012C64BD0
:107630004A4FE2931A1112205E425E115E930520BA
:107640007F401700B012F04C093C6E930720D242E5
:10765000DC111A11F24003005E11013C4F4AB012D6
:10766000DA4B293C1F426C113F90050013243F90D8
:107670001E0004243F9003001E20033CC243581107
:107680001A3CC24358110D435E435F427C13B01253
:107690002E70113CC24358110D435E435F427C1370
:1076A000B0125C70083C1C5335500A003C900C0032
:1076B0000224304064745F43B012F04C35413641CF
:1076C0003741384139413A413B4130410B124B4F30
:1076D0007F900A00052C4F4F0F5F1F4FB689023C69
:1076E0003F409C896E4F7EF070007E901000032416
:1076F0007E9050001D20F29309111320C24B0911F6
:107700006F4F7FF080FF0420C24FFA121F43033CEB
:10771000D243FA122F43B0126C734F930C24F243EE
:1077200009114F4BB012CA604F4BB012C65D033CFB
:107730004F4BB01278723B4130410B120A120912C2
:1077400008120712061205123150F6FF7F901A0038
:10775000022830401C824F4F0F5F104F5E779277A8
:10776000EE779878B278267956797E79CA79DA797F
:107770005C7A667A127B3A7B447BB87CCC7CFA7C60
:1077800042807480A880B2800C812C814681D08197
:10779000D681C293B31128201A42FE121B42001355
:1077A000B012C64B1842281219422A1218522E1231
:1077B00019623012B012DA4B824AFE12824B001369
:1077C000C243B311B012C64B82482E128249301206
:1077D000824A2812824B2A12814F0800B0129E540E
:1077E0001F410800B012DA4BB01210533B3CB012EC
:1077F0001053084E094FB012A44537404E1245436E
:107800003A433B40FF7F06430F460F5F0F5F0F5623
:107810000F5FEFB3561214240C480D492C871D77C7
:1078200002001E4704001F4706000E8C0F7D0F9BB1
:1078300004380F9B05200E9A032C0A4E0B4F55431C
:10784000165337500A0036900C00DE234593022071
:1078500030401C821B930A340B9302200A930620AB
:107860000E480F49B0124C7430401C82824AFE12FE
:10787000824B0013D243B311B012C64B82482E1272
:1078800082493012824A2812824B2A12814F080004
:10789000B0129E543040C47C5F42DF12B01240618F
:1078A0001D4274134E435F42DF12B01280713040AC
:1078B0001C82B012C64BD242B7110811E2433611F6
:1078C000B012DA4BF2900A000811022830401C82F4
:1078D0005F4208110F5F104FDA78EE78F278FC788B
:1078E000007906790A79107916791C7920794F4345
:1078F000013C5F43B012CC7630401C826F43FA3FAC
:107900007F400300F73F6F42F53F7F400500F23FA5
:107910007F400600EF3F7F400700EC3F7F42EA3F99
:107920007F400900E73FF2930911022030401C829A
:10793000C293FA1203243F400600023C3F40050078
:10794000B01204734F930420F243091130401C829B
:107950006F42304002825B420A11B012C64B4E4B5E
:107960000E5E0D4E3D5088118D4300008E4D5A1312
:10797000B012DA4BF24005000A114F4B223C5A423A
:107980000A11B012C64B494A0E490E5E1B4E8811B1
:10799000B012DA4B023C1B4B02000B93FC23B012DB
:1079A000C64B0D490D5D8D4B88114E4A0E5E3E5003
:1079B00088118D4E5A13B012DA4BF24005000A11AD
:1079C0004F4AB012766130401C82B012C64B8243DF
:1079D0002212B012DA4B30401C82B012C64B4B4F11
:1079E000B012904892434611C2434811C2439411C9
:1079F000C243B4114F4BB012DA4BB012C64B814F99
:107A00000800B01224499243B011C243D511F2F0DC
:107A1000FEFF2500B0126447D2D32400D2D3250044
:107A20001F410800B012DA4BB012C64B4B4FA29266
:107A30003E1105207F400300B012724C4F4BB01234
:107A4000DA4BB012C64B4B4FB012EE4E4F43B01252
:107A5000FC4E4F4BB012DA4B6F43013C4F43B01218
:107A6000B26130401C82B012C64BB012DA4B7F407C
:107A70000300B012AC4C4F933A24B012C64B4B4F9C
:107A800082434611B0123A46B0126C47F2F0FDFF45
:107A90001F007F400300B012FC4EB012EE4E4F4B61
:107AA000B012DA4BB012C64B8243B011814F0800BE
:107AB000B0122449B012EE4EF2F0FEFF2500B012D3
:107AC00064471F410800B012DA4B82433E11B012E6
:107AD000DC63B012C64BF2F0DFFF1D00B012DA4BD0
:107AE000B012EC637F400900B012F04C033C6F43CE
:107AF000B012B2611B4240126F43B012D84E829353
:107B00007013022430401C82F24313110F4B30409B
:107B10006880B012C64B4B4FC29380135A23D24396
:107B20008013A2923E1104205F43B012C667533CFB
:107B30007F400C00B012F04C4E3CB012C64BC2431A
:107B40008013473FB012C64B5B420B11B012DA4BA9
:107B50007B900500022830401C824F4B0F5F104F76
:107B6000627B6C7BDA7B147C587CB07CB012E04C7E
:107B7000B012C64B4B4FA2933E112B23B2400300D1
:107B80003E113E4018007F401D00B012DA51F2F065
:107B9000EFFF2500B0125C47F2F0EFFF2400F2D0B7
:107BA000100025005F43B012724C3E407F027F40C0
:107BB0001C00B012DA51B012FC63B01228643E40CF
:107BC000562A7F401700B012DA513E40FF807F40B6
:107BD0001500B012DA514F4BFC3EB012E04C7F4022
:107BE0000600B012724CB012FC63B0122864B012DE
:107BF0009852B012EE4EB012E04C7F400300B0122B
:107C0000724CB012EE4E5F43B012FC4E7F400C003F
:107C100030400282B012E04CB012C64B4A4FB01254
:107C2000584C4B4F4F9304244F4AB012DA4B0D3C43
:107C30004F4AB012DA4B7F405300B01230474F4BDF
:107C4000B01230474F4BB0123047B012EE4E6F4378
:107C5000B012FC4E30401C82B012C64B5B42461143
:107C6000B012DA4B6B9208247B920A246B931C208F
:107C7000B012C66130401C82B012465130401C82A6
:107C8000B012E04CB012A24CB012EE4EB012A04FA7
:107C9000B012C64B92434611B012DA4B7F4003003C
:107CA000B012A24E30401C82B012A04F30401C8255
:107CB000B012924E30401C82B012C64B814F080069
:107CC000B0126E691F4108003040D279B012C64B25
:107CD000D242F6120E11F24003004211B012DA4BFA
:107CE0005F420E11B0121667C2930E11022430408B
:107CF0001C827F400D00304002821D4264110E4DF7
:107D00003E5028006A4D4F4A0F5D6D4F4D5D4D430B
:107D10004D6DCE4D03006D4F7DF07F00CE4D0100C7
:107D2000DE4FFFFF00001B4264110F4B1F53B012C8
:107D3000AC45094FB012C64B5842B511B012DA4BE0
:107D4000489339240E498E103EF0FF0012C30E10E6
:107D50000E113EF003002E9312203B5006000F4BF5
:107D6000B012AC45094FB012CC4C099F24240F4BE4
:107D7000B012AC453F930224304030801C3C3E9012
:107D800003000224304030809142EE120000914204
:107D9000F01202009142F21204009142F412060025
:107DA0003D420E410F4B3F500600B0125E910F93C3
:107DB0000224304030807A900D00022C3040308018
:107DC000184264110F481F53B012AC450E4F8E106D
:107DD0003EF0FF0012C30E100E110F4E3FF00300D5
:107DE0000E110E110E110E113E90030002242D43B0
:107DF000013C3D423F90030002242E43013C3E42A1
:107E00003E5006000E580B430F4B0C4E0C5F6C4C53
:107E10000B5C1F530F9DF93B57480300F24372134D
:107E2000B012C64B5C4272133E406E110D432B9E46
:107E30000A20CE9702000620C24C7213B012DA4B11
:107E400030402C804C4D1D532E522D92F023C24CAD
:107E50007213B012DA4B59427213B012C64B7993B7
:107E60000324C2994A11042059424A115D43013C3E
:107E70004D434E490E5E0E5E8E4B6E11CE47701115
:107E80004D9307245E424A115E537EF00300C24EBA
:107E90004A11B012DA4BB012C64B494F0F48B0121C
:107EA000E4486B4F4F49B012DA4BC8932B00BE2405
:107EB0007B903F00BB200B483B5006000F4BB0129D
:107EC000AC45094FB012725C099F05240F4BB012EC
:107ED000AC453F93AB20F89094FF0B00A7207A505D
:107EE000F3FF0B483B500C005A931020EB9300001B
:107EF0009D20E29320110720B012C65CB012D85C1E
:107F0000C2432011933CC24A2211903C7A90030054
:107F10008D20B012C64BF2F0EFFF3100B012DA4BF9
:107F20006F4B4F9A3A20594B0200CB930100022429
:107F300039E31953C293201179200F498F108F1103
:107F40008F108F110A490B4F0F9304343AE33BE330
:107F50001A530B630E4A0F4BB012D28B3C409A99C6
:107F60003D40B940B012D489B0126C8C064E074F18
:107F7000824A2411824B261109930538D2432811D5
:107F8000B012185D043CC2432811B0124E5DD243BA
:107F900020110D460E474F43473C6F9247205A4BE6
:107FA0000200CB93010002243AE31A53E29320111A
:107FB0003D200A930720B0124A47B012345DE243D5
:107FC0002011343C0D4A8D108D118D108D110E4AEB
:107FD0000F4D0D9304343EE33FE31E530F63B01285
:107FE000D28B3C409A993D40B940B012D489B0122E
:107FF0006C8C064E074FF240030020110A9305389F
:10800000D2432811B012185D043CC2432811B012AB
:108010004E5DC29328110320D2432811023CC24373
:1080200028110D460E475F43B012E0558248641197
:10803000B012C64BC243D511B012DA4BB012FA6877
:10804000ED3C5B4220125B921311E824C24B1311EA
:108050004B930D201F424C11B012586C4F9BDE24E5
:10806000F24313111F424C11B012946ED73CF243ED
:108070001311D43CC2936E13D124394044124A43A5
:108080005B435F426E134E4B4EFF08248943000052
:108090004FCBC24F6E134F4AB012924B5A532953D3
:1080A0007A92BC244B5BED3F5F421611B012306EEA
:1080B000B53CC2935811B224F2F0FDFFC412B012C5
:1080C000DC644B4F8B10B012DC644F4F0BDFB012EF
:1080D000DC64B01224651F426C113F90030004243D
:1080E0003F9005009B20093CC24358110D4B4E4365
:1080F0005F427C13B0122E70913CC24358110D4B5D
:108100004E435F427C13B0125C70883C1F426C117E
:108110003F90060006243F9007008020C24358117C
:108120007D3CC2435811C2435C11783CD29362112A
:108130000220B0128865B012C64BC2436211C2431E
:1081400060113040D279B012C64BD242DC111A1104
:10815000F24003005E11B012DA4B5F421A114F93E6
:1081600003245F935B201A3CC29F17114D24C293D6
:1081700058114C20D2435811B24003006C11C24F29
:108180007C13B012E0654B4F4F9348244F43B0121D
:10819000FA620E434F4BB0122070403CC29317114D
:1081A0003824C29358113720C24F5811B2400500ED
:1081B0006C11C24F7C13B012E0654B4F4F932E24CD
:1081C0005F43B012FA620E434F4BB0124C70263C24
:1081D000B0128865233CB012C64BF2F0BFFF2200FC
:1081E000B012DA4BB0128C64B012BC64B012AC6442
:1081F000B012C64BF2F07F002100B012DA4B7F4084
:108200001600B012F04C0A3C6B42C03F7B400500A8
:10821000BD3F6B42D53F7B400500D23F31500A0045
:10822000354136413741384139413A413B4130418E
:10823000B012EC477F930424B0123A775F43304189
:108240004F4330410B120A120912081207127F9293
:108250000228304058854F4F0F5F104F5E826E826C
:10826000A4824A8478841C852C853C854C851F42D9
:1082700082018F104A4F5AF304241F42920130406A
:108280005885B012A44582932812082082932A129E
:1082900005204F4AB012F04C30405885B0129E5421
:1082A000304058851F4284018F105FF30220304018
:1082B000588518429401B0124A46B0124246B01294
:1082C000AC4F0A4E0B4F0D4E0D880E430A8D0B7EA0
:1082D0001F4246113F90050004243F9006006A208B
:1082E0004E3CB24006004611D243D411C24348115D
:1082F0006F43B0123A480D4A0E4B1F42DE113F50F9
:108300002E00B012B8451F42DE11CF932D0023245A
:10831000674F7750FBFF4947095F0F49B012EA45A5
:108320000D4E0E4F0D8A0E7B0F49B012B845B0129C
:10833000E04C6C420D494E470F43B0121E52B01232
:10834000EE4E0F49B012EA450D4E0E4F0D5A0E6B10
:108350000F49B012B8451F42DE111F53B012AC4591
:108360003FF020000224D2439411B012A04FB0126B
:108370003A46B0122C464F93022430405885C243EF
:10838000D411B01290481F42DE111F53B012AC45F9
:108390003FF020000924B240070046113E40000192
:1083A0000F43B012CC50023CB012BE4EB0122C465D
:1083B0004F93D224C29348112620C293D411252072
:1083C000D243D4116F43B0123A48B0122C46494FF1
:1083D0005F4258137F920E2C4E4F5E5266133EF052
:1083E00007000E5E0E5E8E4A04138E4B06135F531B
:1083F000C24F5813D243481182483812B0122C464B
:108400004F930524A93C4943023C59424811D29359
:10841000D411A220C243D411B0129048C2434811D3
:1084200049939A201882381238900A00952C5F429E
:1084300058134F9303247F53C24F58131F42DE112A
:108440000F938A24B0129848873C1F4286018F10F0
:108450005FF303241F4296017F3CB2F0EFFF8601D9
:108460008293BA1106208293BC110320B012D65A0F
:10847000733CB0128053703C1F4288018F105FF331
:1084800003241F429801683CB0123A468293D611E9
:1084900042208293D8113F201F4246113F50FDFFDA
:1084A0003F9006002B2C0F5F104FAC84B884D6840D
:1084B000E884FC84E484D684F2B010002000082410
:1084C000A24246113E4007000F43B012CC50163C6A
:1084D000B0121051133CB0123A6C4F930F20B012EF
:1084E00046510C3C4F43083CB012A24CB01290488D
:1084F000B012A04F7F400700B012BE4E92933E11C3
:108500002B20A2433E11B012DC63B012EC634F4348
:10851000B012C667213CB012EC4F1E3C1F428A01CC
:108520008F105FF319241F429A01163C1F428C01E1
:108530008F105FF311241F429C010E3C1F428E01DD
:108540008F105FF309241F429E01063C92532412B0
:1085500092534612826348123741384139413A41B9
:108560003B4130410F120E120D120C124F43B0124C
:1085700064453C413D413E413F41B1C0F0000000F7
:1085800000130F120E120D120C121F422E0112C3F5
:108590004F10B01264453C413D413E413F41B1C0A6
:1085A000F000000000130F120E120D120C124F43B8
:1085B000B01244823C413D413E413F41B1C0F000D8
:1085C000000000130F120E120D120C121F421E019A
:1085D00012C34F10B01244823C413D413E413F41E5
:1085E000B1C0F000000000130F120E120D120C1299
:1085F0000B121F42A8013F9005000B2CB0128647BA
:108600008293A601A7240E4F3EF080005F430E9395
:1086100001244F435E4242123EF01F003E533E9003
:108620001000962C0E5E104E2A864A865C86508775
:10863000AC86508750875087248750875087508753
:1086400050875087508750876E86B01298491E42D7
:1086500040015F428011B01220577C3C1E42400115
:108660005F428011B01220574F937424713C1E4218
:1086700082110E5E1E523A120C434D4C0D5D9E4D02
:10868000400100002E531C535D42B8110C9DF52B88
:108690001D528211824D82114F930320829D9211AF
:1086A0005920B012984982438211543C1C428211D5
:1086B0000E4C0E5E1E523A121D4292110D8C0C4D44
:1086C0003D4010000D9C012C0C4D0B434D4B0D5D9E
:1086D0009E4D400100002E531B530B9CF72B1C5248
:1086E0008211824C82114F9304201E4292110E9CE3
:1086F0000920B0129849824382115F428011B01262
:10870000385C283C0E8C3E901000242CB012184887
:108710004E4F7ED080FF5F4292115F828211B01275
:108720001048183C1D423A124E434F4E0F5F9D4F6A
:10873000400100002D535E534F4E1F929211F52BB6
:108740005F428011B012385C824F3A120F930220C0
:10875000B01298493B413C413D413E413F41B1C08F
:10876000F000000000130F120E120D120C120B126B
:1087700021835F4225005FF223004F4F814F0000AD
:108780002F411FF30D24B01264479293B0110520BE
:10879000A243B011B012D468553CD253B611523C2A
:1087A0002E412EF30E9F0424F2F0FDFF23004A3CDD
:1087B0002F412FF20F9E0424F2F0FBFF2300423CD6
:1087C0002B413BF20B9F0424F2F0F7FF23003A3CCD
:1087D0002F413FF010000F9B1624B0125C47A242BD
:1087E0003E11F2F0EFFF2500B0125C470E4B7F40C8
:1087F0001D00B012DA51B0129852B012EE4EB01203
:10880000E04C7F420B3C2E413EF020000E9F09249D
:10881000B0122048B012F0527F401400B012F04C59
:10882000113C2F413FF040000F9E0424F2F0BFFFA7
:108830002300083C2E413EF080000E9F0324F2F0FE
:108840007F00230021533B413C413D413E413F419C
:10885000B1C0F000000000130F120E1221835F421E
:108860002D005FF22B004F4F814F00002F411FF36F
:108870000424F2F0FEFF2B003B3C2E412EF30E9F12
:108880000424F2F0FDFF2B00333C2F412FF20F9E0A
:108890000424F2F0FBFF2B002B3C2E413EF20E9FF6
:1088A0000424F2F0F7FF2B00233C2F413FF010008F
:1088B0000F9E0424F2F0EFFF2B001A3C2E413EF0F5
:1088C00020000E9F0424F2F0DFFF2B00113C2F410B
:1088D0003FF040000F9E0424F2F0BFFF2B00083C45
:1088E0002E413EF080000E9F0324F2F07F002B000B
:1088F00021533E413F41B1C0F000000000130F1270
:108900000E120D120C125E4276005F4242114F931E
:108910001C24183CC2930E1118201F42D4120F932E
:1089200004241F526413CF4EFFFF92926813641306
:10893000032CB012E24B093CF2F0BFFF0000B01272
:108940006E69033C7F900300E5273C413D413E4179
:108950003F41B1C0F000000000130F125F427000F1
:108960003FF0200006245F4270002FF202245F4295
:1089700070003F41B1C0F000000000130000100083
:1089800050009000D000F00090010400910104001C
:1089900096010400970104000C0000000C00000088
:1089A0001B01040000009CFF0200080088898C89DC
:1089B000908994891C1188898C89908994898889E7
:1089C0008C89908994891C111C1188898C899089C3
:1089D00094891C110B120A120912081207120612AE
:1089E000051204123150DEFF814E0000814F02005B
:1089F000814C0400814D0600084138520E480F4159
:108A0000B0122C8F0641365010000E460F412F52E7
:108A1000B0122C8F5C4108005D434D9CA42C5A4140
:108A200010004D9AC42C6C929C246A920220304013
:108A3000C88B6C9398246A93BA2414410C0091411A
:108A40000E0020001A4114001B41160005430C4380
:108A50000D43064C074D084C094D193C0E430F437E
:108A60000C5E0D6F065607670B93023416D307D3BF
:108A70001553359020001A240A5A0B6B0E441F41DF
:108A8000200012C30F100E10044E814F200014B3AB
:108A9000E927085A096B0C560D671E430F43099BC3
:108AA000DF2B099BDB23089ADB2BD83F0A4D1F41A4
:108AB00012001F510A000E4F2E53814E1A005E43C2
:108AC000D191110009005724C14E19000A931334A3
:108AD0003F5003000A4F1CB3062412C309100810AC
:108AE00008D339D0008012C30D100C101F530D9302
:108AF000F13B814A1A003A433B40FF3F0B9D12284D
:108B00001F411A003F530A4B0E4F0C5C0D6D099329
:108B100002341CD30DD3085809693F530A9DF42F22
:108B2000814E1A000E4C0F4D3EF07F000FF33E9029
:108B300040002724814C1C00814D1E00F1400300A1
:108B400018000F413F501800B012568D31502200CE
:108B50003441354136413741384139413A413B4151
:108B600030416A933324D191110009001E24C14D74
:108B700009000F48E93F4E43C14E19000A93BB3725
:108B8000A73F0F93D7230E4C0F4D3EF080000FF3FD
:108B90000E93D0230F93CE23089313243C50400010
:108BA0000D633CF080FF3DF3C53F4D43E03FD19165
:108BB000110009000424C14D11000F46C53F4D436B
:108BC000FA3F0993EB23B63F6C93F1233F40F68CB9
:108BD000BB3F0B120A123182F140030000000D4F1F
:108BE0000D5D0D430D6D4C4DC14D01000E933224B2
:108BF000B1401E0002004C9324200A4E0B4F814AC4
:108C00000400814B06000E4A0F4BB012FE8C3F53FE
:108C10001F9310380E4F0E9304240A5A0B6B1E83B9
:108C2000FC23814A0400814B06003E401E000E8F4B
:108C3000814E02000F41B012568D31523A413B41F4
:108C400030410E930C240A4E0B4F3AE33BE31A5388
:108C50000B63D53F0F93CC23E1430000EB3F3F90E4
:108C60000080F1230E433F4000CFE73F3150F4FF37
:108C7000814E0000814F02000E412E520F41B01272
:108C80002C8F5F4104006F932B246F9329286F92E0
:108C900008241D4106000D9323383C401E000C9D06
:108CA0000934C193050021203E433F40FF7F3150EE
:108CB0000C0030411E4108001F410A000C8D0C932E
:108CC000052412C30F100E101C83FB23C193050053
:108CD000EE273EE33FE31E530F6331500C0030415B
:108CE0000E430F4331500C0030410E433F40008093
:108CF00031500C00304100000000000000000B1259
:108D00000F9316203E90000121283B4018000C4391
:108D10003D420D93052412C30F100E101D83FB233B
:108D20000F4E3F505E906D4F0F4B0F8D3B413041CA
:108D30003F90000105283B420C433D401800E93FAD
:108D40003B4010000C433D401000E33F3B402000FF
:108D50000C430D43DE3F0B120A12091208120712D0
:108D600006121D4F04001E4F06005A4F01006C4FA3
:108D70006C93BC286C92B6246C9332240D932E24F1
:108D80001F4F02003F9082FF61383F908000AA345D
:108D90003F507F000B4D0C4E3BF07F000CF33B909F
:108DA000400047243D503F000E630E93043412C32D
:108DB0000E100D101F5312C30E100D100E110D10BA
:108DC0000E110D100E110D100E110D100E110D10B3
:108DD0000E110D103DF33EF07F00053C0E93D023A5
:108DE0004F430D430E430B430C430B4D0D4E3DF0D3
:108DF0007F000E4C3EF080FF0EDD4F4F0F5F0F5F88
:108E00000F5F0F5F0F5F0F5F0F5F3EF07F800EDF22
:108E10000F4A0F110F430F103EF0FF7F0C4E0CDF77
:108E20000E4B0F4C36413741384139413A413B41B5
:108E300030410C93B7230B4D0C4E3BF080000CF3EC
:108E40000B934D243D5040000E63AF3F3C4082FFEA
:108E50000C8F0F4C3C901A005134064D074E0C936A
:108E6000052412C3071006101C83FB231843094373
:108E70000B480C490F9304240B5B0C6C1F83FC23E1
:108E80003B533C630BFD0CFE0B9348240B460C47F5
:108E90000BD80CD90E4B0F4C3EF07F000FF33E90D9
:108EA00040002F243B503F000C630D4B0E4C12C36F
:108EB0000E100D100E110D100E110D100E110D10C3
:108EC0000E110D100E110D100E110D103DF33EF090
:108ED0007F005F433C900040862F4F43843F0C93BC
:108EE000B123633F7F430D430E437D3F0DD33ED0FF
:108EF00010003DF33EF07F007F43753F0B430C4372
:108F0000D13F0F93CF230E4B0F4C3EF080000FF359
:108F10000E9309243B5040000C63C73F0C93B623CB
:108F200008430943B33F0F93F523BF3F0B120A12C7
:108F300009120B4E2D4F5E4F02003EF07F001C4F7A
:108F4000020012C30C100C110C110C110C110C119D
:108F500012C30C104C4C5F4F03004F5F4F434F6FD9
:108F6000CB4F01000C9334200D935724BB4082FF5C
:108F700002000D5D0E6E0D5D0E6E0D5D0E6E0D5DD3
:108F80000E6E0D5D0E6E0D5D0E6E0D5D0E6E0A4D5C
:108F90000F4EFB40030000003D433E40FF3F0E9F4D
:108FA0000F283C4081FF094E0D4A0E4F0D5D0E6E9D
:108FB0000A4D0F4E0E4C3C53099FF62F8B4E02006C
:108FC0008B4A04008B4F060039413A413B41304106
:108FD0003C90FF002A243C5081FF8B4C0200FB4058
:108FE000030000000D5D0E6E0D5D0E6E0D5D0E6ECC
:108FF0000D5D0E6E0D5D0E6E0D5D0E6E0D5D0E6ED9
:10900000094D0A4E09D33AD000408B4904008B4ADF
:10901000060039413A413B4130410E93A723EB43CF
:10902000000039413A413B4130410D930E24094D36
:109030000A4E09F33AF0100009930C24DB430000B8
:109040008B4D04008B4E0600E43F0E93F023EB4261
:109050000000DF3F0A93F223CB430000F13F000101
:1090600002020303030304040404040404040505C6
:10907000050505050505050505050505050506069E
:109080000606060606060606060606060606060680
:10909000060606060606060606060606060607076E
:1090A0000707070707070707070707070707070750
:1090B0000707070707070707070707070707070740
:1090C0000707070707070707070707070707070730
:1090D000070707070707070707070707070708081E
:1090E0000808080808080808080808080808080800
:1090F00008080808080808080808080808080808F0
:1091000008080808080808080808080808080808DF
:1091100008080808080808080808080808080808CF
:1091200008080808080808080808080808080808BF
:1091300008080808080808080808080808080808AF
:10914000080808080808080808080808080808089F
:1091500008080808080808080808080808080B1282
:109160000A120D9312240C430B4F0B5C6A4B0B4EEF
:109170000B5C6B4B4A9B04244F4A4E4B0F8E063CB4
:109180001C530D9CF1230F43013C0F4D3A413B41D1
:1091900030410B120A12091208120D9377240B4F5B
:1091A0000C4E0F9E73240F9E342C0A4E0ADF1AF3C6
:1091B0001A240CEF1CF308201C430C9D062C0B4EAC
:1091C0000BFC2C430C8B013C0C4D0D8C0B430A4FBC
:1091D0000A5B094E095BEA4900001B530C9BF7230D
:1091E0000B4F0B5C0C5E0E4D12C30E100E930C2435
:1091F000084E094C0A4BAA49000029532A533853F8
:10920000FA230E5E0C5E0B5E1DF34024EB4C000057
:109210003D3C0E5D0C4F0C5D0B4C0BDE1BF31B2419
:109220000B4C0BEE1BF306203D90030003280B4E66
:109230001BF3013C0B4D0D8B0A4B3A533BE31B5385
:109240000C5B0E5B0B4C0B5A094E095AEB490000A4
:109250003A533A93F7230A4D12C30A100A93112482
:10926000084A094E0B4C29832B83AB490000385325
:10927000FA230B4A0B110B430B100B8A0B5B0E5B93
:109280000C5B1DF30324DC4EFFFFFFFF3841394127
:109290003A413B4130410B120A12091208120B4F9E
:1092A0003D900600082C043CCB4E00001B533D5360
:1092B0000D93FA231E3C4A4E0A9303240C4A8C1049
:1092C0000ADC1FB305243D53CF4E00000B4F1B5348
:1092D0000C4D12C30C10084B094C884A000028534F
:1092E0003953FB230C5C0C5B1DF30D990224CC4E0F
:1092F0000000384139413A413B4130410643074380
:109300000A430B4330406A934EEE7B400900053C14
:109310000D104E6E4E9A01284E8A4C6C0D6D5B837B
:10932000F72330410EEE3B401100053C0D100E6E50
:109330000E9A01280E8A0C6C0D6D1B83F7233041A9
:109340000FEF0EEE394021000A3C08100E6E0F6F31
:109350000F9B052802200E9A02280E8A0F7B0C6CA8
:109360000D6D08681983F12330410F430E430D43FF
:109370000C4382483001824438011C423A01924237
:109380003C013A0192423E013C018248340182454F
:10939000380182493401824438011D423A01924227
:1093A0003C013A0192423E013C018245380182482B
:1093B000340182463801824A3401824438011E4217
:1093C0003A0192423C013A01824538018248340117
:1093D000824738018249340182463801824B340188
:1093E000824438011F423A010C4C0D4D0E4E0F4F76
:0493F00030410013F5
:1093F4000100020012A20401FFFF05FFFFFF0100AC
:10940400010022FFFFFF0101FFFF0200140104001D
:10FFE0006045588860456045668782856485E885F8
:10FFF0005A89FE8860456045C485A68560450040F5
:0400000300004000B9
:00000001FF
